<?xml version="1.0" encoding="UTF-8"?>
<!-- Generated by org.testng.reporters.JUnitXMLReporter -->
<testsuite hostname="HPDB0264" ignored="0" name="Default test" tests="4" failures="0" timestamp="22 Mar 2019 08:02:38 GMT" time="8.749" errors="0">
  <testcase name="validateGridTest" time="0.513" classname="com.qait.practice.tatoc.TestTheAction"/>
  <testcase name="boxColorMatchTest" time="1.297" classname="com.qait.practice.tatoc.TestTheAction"/>
  <testcase name="dragAndDropTest" time="0.443" classname="com.qait.practice.tatoc.TestTheAction"/>
  <testcase name="popUpWindowTest" time="1.535" classname="com.qait.practice.tatoc.TestTheAction"/>
</testsuite> <!-- Default test -->
